#
# There is insufficient memory for the Java Runtime Environment to continue.
# Native memory allocation (malloc) failed to allocate 1048576 bytes for AllocateHeap
# Possible reasons:
#   The system is out of physical RAM or swap space
#   The process is running with CompressedOops enabled, and the Java Heap may be blocking the growth of the native heap
# Possible solutions:
#   Reduce memory load on the system
#   Increase physical memory or swap space
#   Check if swap backing store is full
#   Decrease Java heap size (-Xmx/-Xms)
#   Decrease number of Java threads
#   Decrease Java thread stack sizes (-Xss)
#   Set larger code cache with -XX:ReservedCodeCacheSize=
#   JVM is running with Zero Based Compressed Oops mode in which the Java heap is
#     placed in the first 32GB address space. The Java Heap base address is the
#     maximum limit for the native heap growth. Please use -XX:HeapBaseMinAddress
#     to set the Java Heap base and to place the Java Heap above 32GB virtual address.
# This output file may be truncated or incomplete.
#
#  Out of Memory Error (memory/allocation.inline.hpp:61), pid=33460, tid=0x0000000000006d30
#
# JRE version:  (8.0_241-b07) (build )
# Java VM: Java HotSpot(TM) 64-Bit Server VM (25.241-b07 mixed mode windows-amd64 compressed oops)
# Failed to write core dump. Minidumps are not enabled by default on client versions of Windows
#

---------------  T H R E A D  ---------------

Current thread (0x0000000002dbd800):  JavaThread "Unknown thread" [_thread_in_vm, id=27952, stack(0x0000000002c40000,0x0000000002d40000)]

Stack: [0x0000000002c40000,0x0000000002d40000]
[error occurred during error reporting (printing stack bounds), id 0xc0000005]

Native frames: (J=compiled Java code, j=interpreted, Vv=VM code, C=native code)


---------------  P R O C E S S  ---------------

Java Threads: ( => current thread )

Other Threads:

=>0x0000000002dbd800 (exited) JavaThread "Unknown thread" [_thread_in_vm, id=27952, stack(0x0000000002c40000,0x0000000002d40000)]

VM state:not at safepoint (normal execution)

VM Mutex/Monitor currently owned by a thread: None

heap address: 0x00000006c2600000, size: 4058 MB, Compressed Oops mode: Zero based, Oop shift amount: 3
Narrow klass base: 0x0000000000000000, Narrow klass shift: 3
Compressed class space size: 1073741824 Address: 0x00000007c0000000

Heap:
 PSYoungGen      total 75776K, used 1300K [0x000000076b780000, 0x0000000770c00000, 0x00000007c0000000)
  eden space 65024K, 2% used [0x000000076b780000,0x000000076b8c51f8,0x000000076f700000)
  from space 10752K, 0% used [0x0000000770180000,0x0000000770180000,0x0000000770c00000)
  to   space 10752K, 0% used [0x000000076f700000,0x000000076f700000,0x0000000770180000)
 ParOldGen       total 173568K, used 0K [0x00000006c2600000, 0x00000006ccf80000, 0x000000076b780000)
  object space 173568K, 0% used [0x00000006c2600000,0x00000006c2600000,0x00000006ccf80000)
 Metaspace       used 752K, capacity 4480K, committed 4480K, reserved 1056768K
  class space    used 76K, capacity 384K, committed 384K, reserved 1048576K

Card table byte_map: [0x0000000012280000,0x0000000012a70000] byte_map_base: 0x000000000ec6d000

Marking Bits: (ParMarkBitMap*) 0x0000000054fabe30
 Begin Bits: [0x00000000137c0000, 0x0000000017728000)
 End Bits:   [0x0000000017728000, 0x000000001b690000)

Polling page: 0x0000000002d40000

CodeCache: size=245760Kb used=328Kb max_used=328Kb free=245431Kb
 bounds [0x0000000002ec0000, 0x0000000003130000, 0x0000000011ec0000]
 total_blobs=58 nmethods=0 adapters=38
 compilation: enabled

Compilation events (0 events):
No events

GC Heap History (0 events):
No events

Deoptimization events (0 events):
No events

Classes redefined (0 events):
No events

Internal exceptions (0 events):
No events

Events (10 events):
Event: 0.098 loading class java/lang/Short
Event: 0.098 loading class java/lang/Short done
Event: 0.098 loading class java/lang/Integer
Event: 0.098 loading class java/lang/Integer done
Event: 0.098 loading class java/lang/Long
Event: 0.098 loading class java/lang/Long done
Event: 0.099 loading class java/lang/NullPointerException
Event: 0.099 loading class java/lang/NullPointerException done
Event: 0.099 loading class java/lang/ArithmeticException
Event: 0.099 loading class java/lang/ArithmeticException done


Dynamic libraries:
0x00007ff60d7c0000 - 0x00007ff60d7f7000 	C:\Program Files\Java\jre1.8.0_241\bin\javaw.exe
0x00007ffadcea0000 - 0x00007ffadd08d000 	C:\windows\SYSTEM32\ntdll.dll
0x00007ffadafb0000 - 0x00007ffadb063000 	C:\windows\System32\KERNEL32.DLL
0x00007ffad9bb0000 - 0x00007ffad9e43000 	C:\windows\System32\KERNELBASE.dll
0x00000000562d0000 - 0x0000000056363000 	C:\windows\System32\SYSFER.DLL
0x00000000540b0000 - 0x00000000543d8000 	C:\ProgramData\Symantec\Symantec Endpoint Protection\14.2.5569.2100.105\Data\Definitions\IPSDefs\20200605.061\IPSEng64.dll
0x00007ffada160000 - 0x00007ffada203000 	C:\windows\System32\ADVAPI32.dll
0x00007ffadb5f0000 - 0x00007ffadb68e000 	C:\windows\System32\msvcrt.dll
0x00007ffada0c0000 - 0x00007ffada15e000 	C:\windows\System32\sechost.dll
0x00007ffadae10000 - 0x00007ffadaf32000 	C:\windows\System32\RPCRT4.dll
0x00007ffadaf40000 - 0x00007ffadaf48000 	C:\windows\System32\PSAPI.DLL
0x00007ffadb6a0000 - 0x00007ffadb837000 	C:\windows\System32\USER32.dll
0x00007ffad9030000 - 0x00007ffad9050000 	C:\windows\System32\win32u.dll
0x00007ffadb2d0000 - 0x00007ffadb2f9000 	C:\windows\System32\GDI32.dll
0x00007ffad9f20000 - 0x00007ffada0b9000 	C:\windows\System32\gdi32full.dll
0x00007ffad9e50000 - 0x00007ffad9ef0000 	C:\windows\System32\msvcp_win.dll
0x00007ffad99a0000 - 0x00007ffad9a9a000 	C:\windows\System32\ucrtbase.dll
0x00007ffab1550000 - 0x00007ffab17c9000 	C:\windows\WinSxS\amd64_microsoft.windows.common-controls_6595b64144ccf1df_6.0.17763.1039_none_de701650534c7021\COMCTL32.dll
0x00007ffada240000 - 0x00007ffada56c000 	C:\windows\System32\combase.dll
0x00007ffad8f60000 - 0x00007ffad8fde000 	C:\windows\System32\bcryptPrimitives.dll
0x00007ffada210000 - 0x00007ffada23e000 	C:\windows\System32\IMM32.DLL
0x0000000054680000 - 0x0000000054752000 	C:\Program Files\Java\jre1.8.0_241\bin\msvcr100.dll
0x0000000054780000 - 0x000000005502c000 	C:\Program Files\Java\jre1.8.0_241\bin\server\jvm.dll
0x00007ffa99e20000 - 0x00007ffa99e29000 	C:\windows\SYSTEM32\WSOCK32.dll
0x00007ffadad40000 - 0x00007ffadadad000 	C:\windows\System32\WS2_32.dll
0x00007ffad1db0000 - 0x00007ffad1dd4000 	C:\windows\SYSTEM32\WINMM.dll
0x00007ffad35b0000 - 0x00007ffad35ba000 	C:\windows\SYSTEM32\VERSION.dll
0x00007ffad1d60000 - 0x00007ffad1d8d000 	C:\windows\SYSTEM32\WINMMBASE.dll
0x00007ffad8fe0000 - 0x00007ffad902a000 	C:\windows\System32\cfgmgr32.dll
0x00007ffa91530000 - 0x00007ffa9153f000 	C:\Program Files\Java\jre1.8.0_241\bin\verify.dll
0x00007ffa6b550000 - 0x00007ffa6b579000 	C:\Program Files\Java\jre1.8.0_241\bin\java.dll
0x00007ffa6a6f0000 - 0x00007ffa6a706000 	C:\Program Files\Java\jre1.8.0_241\bin\zip.dll

VM Arguments:
jvm_args: -ea -Dfile.encoding=Cp1252 
java_command: org.eclipse.jdt.internal.junit.runner.RemoteTestRunner -version 3 -port 60572 -testLoaderClass org.eclipse.jdt.internal.junit4.runner.JUnit4TestLoader -loaderpluginname org.eclipse.jdt.junit4.runtime -classNames com.usermanagementservice.serviceImpl.UsertPortfolioServiceImplTest
java_class_path (initial): D:\POC\usermanagementservice\bin\main;D:\POC\usermanagementservice\bin\test;C:\Users\harsh.jain\.gradle\caches\modules-2\files-2.1\com.couchbase.client\encryption\1.0.0\be69a2bc88562195be59508dc51d96734916740a\encryption-1.0.0.jar;C:\Users\harsh.jain\.gradle\caches\modules-2\files-2.1\io.jsonwebtoken\jjwt-api\0.11.1\4a94011bfb3021579c93274fa12533b17b9326c0\jjwt-api-0.11.1.jar;C:\Users\harsh.jain\.gradle\caches\modules-2\files-2.1\com.google.code.gson\gson\2.8.6\9180733b7df8542621dc12e21e87557e8c99b8cb\gson-2.8.6.jar;C:\Users\harsh.jain\.gradle\caches\modules-2\files-2.1\org.springframework.boot\spring-boot-starter-security\2.2.7.RELEASE\69ff18cd868e77679c0a3d19d6c7f823b422acf1\spring-boot-starter-security-2.2.7.RELEASE.jar;C:\Users\harsh.jain\.gradle\caches\modules-2\files-2.1\org.springframework.boot\spring-boot-starter-webflux\2.2.7.RELEASE\91f7a6cf03b9e436b76f37505242f9d67b67bd06\spring-boot-starter-webflux-2.2.7.RELEASE.jar;C:\Users\harsh.jain\.gradle\caches\modules-2\files-2.1\org.springframework.boot\spring-boot-starter-actuator\2.2.7.RELEASE\6fd1c5fe2458cd98734bc294ab856a854e199d97\spring-boot-starter-actuator-2.2.7.RELEASE.jar;C:\Users\harsh.jain\.gradle\caches\modules-2\files-2.1\org.apache.kafka\kafka-streams\2.3.1\3db25419a99124bb247470150539a1b5ecba409e\kafka-streams-2.3.1.jar;C:\Users\harsh.jain\.gradle\caches\modules-2\files-2.1\org.springframework.kafka\spring-kafka\2.3.8.RELEASE\9891962a5b410df936d098f238457ed5a0d7bb8a\spring-kafka-2.3.8.RELEASE.jar;C:\Users\harsh.jain\.gradle\caches\modules-2\files-2.1\org.springframework.boot\spring-boot-starter-data-couchbase\2.2.7.RELEASE\a5dff86bac997422185cc5fa20e37ff05b3df2a0\spring-boot-starter-data-couchbase-2.2.7.RELEASE.jar;C:\Users\harsh.jain\.gradle\caches\modules-2\files-2.1\org.springframework.boot\spring-boot-starter-data-couchbase-reactive\2.2.7.RELEASE\6123b7c1574c4669bdbb1bc53600ed90213f1924\spring-boot-starter-data-couchbase-reactive-2.2.7.RELEASE.jar;C:\Users\harsh.ja
Launcher Type: SUN_STANDARD

Environment Variables:
JAVA_HOME=C:\Program Files\Java\jdk1.8.0_241
PATH=C:/Program Files/Java/jre1.8.0_241/bin/server;C:/Program Files/Java/jre1.8.0_241/bin;C:/Program Files/Java/jre1.8.0_241/lib/amd64;C:\Program Files\Microsoft MPI\Bin\;C:\Program Files (x86)\Common Files\Oracle\Java\javapath;C:\windows\system32;C:\windows;C:\windows\System32\Wbem;C:\windows\System32\WindowsPowerShell\v1.0\;C:\windows\System32\OpenSSH\;C:\Program Files\PuTTY\;C:\Program Files\TortoiseGit\bin;C:\Program Files (x86)\Java\jre1.8.0_221\bin;C:\Program Files\Java\jdk1.8.0_221\bin;C:\Program Files\Microsoft SQL Server\Client SDK\ODBC\130\Tools\Binn\;C:\Program Files (x86)\Microsoft SQL Server\140\Tools\Binn\;C:\Program Files\Microsoft SQL Server\140\Tools\Binn\;C:\Program Files\Microsoft SQL Server\140\DTS\Binn\;C:\Program Files (x86)\Microsoft SQL Server\140\DTS\Binn\;C:\Program Files\nodejs\;C:\Program Files\Git\cmd;C:\zookeeper-3.4.14\bin;C:\kafka_2.11-2.3.0\bin;C:\Gradle\gradle-4.10.1-all\gradle-4.10.1\bin;C:\Users\harsh.jain\AppData\Local\Microsoft\WindowsApps;C:\Users\harsh.jain\AppData\Local\Programs\Microsoft VS Code\bin;C:\Users\harsh.jain\AppData\Roaming\npm;;D:\sts\sts-bundle\sts-3.9.8.RELEASE;
USERNAME=harsh.jain
OS=Windows_NT
PROCESSOR_IDENTIFIER=Intel64 Family 6 Model 142 Stepping 10, GenuineIntel



---------------  S Y S T E M  ---------------

OS: Windows 10.0 , 64 bit Build 17763 (10.0.17763.475)

CPU:total 8 (initial active 8) (4 cores per cpu, 2 threads per core) family 6 model 142 stepping 10, cmov, cx8, fxsr, mmx, sse, sse2, sse3, ssse3, sse4.1, sse4.2, popcnt, avx, avx2, aes, clmul, erms, 3dnowpref, lzcnt, ht, tsc, tscinvbit, bmi1, bmi2, adx

Memory: 4k page, physical 16620748k(1942600k free), swap 35374536k(5200k free)

vm_info: Java HotSpot(TM) 64-Bit Server VM (25.241-b07) for windows-amd64 JRE (1.8.0_241-b07), built on Dec 11 2019 10:21:40 by "rejava" with MS VC++ 10.0 (VS2010)

time: Mon Jun 08 14:52:02 2020
timezone: India Standard Time
elapsed time: 0 seconds (0d 0h 0m 0s)

